[01m[K/home/alessio/Desktop/progetto-labiagi/catkin_ws/src/laser_location/src/LaserLocation.cpp:[m[K In function â€˜[01m[Kint main(int, char**)[m[Kâ€™:
[01m[K/home/alessio/Desktop/progetto-labiagi/catkin_ws/src/laser_location/src/LaserLocation.cpp:10:46:[m[K [01;31m[Kerror: [m[Kâ€˜[01m[Kgeometry_msgs[m[Kâ€™ was not declared in this scope
     ros::Publisher chatter_pub = n.advertise<[01;31m[Kgeometry_msgs[m[K::Twist>("cmd_vel", 1000);
                                              [01;31m[K^~~~~~~~~~~~~[m[K
[01m[K/home/alessio/Desktop/progetto-labiagi/catkin_ws/src/laser_location/src/LaserLocation.cpp:10:36:[m[K [01;31m[Kerror: [m[Kparse error in template argument list
     ros::Publisher chatter_pub = n.[01;31m[Kadvertise<geometry_msgs::Twist>[m[K("cmd_vel", 1000);
                                    [01;31m[K^~~~~~~~~~~~~~~~~~~~~~~~~~~~~~~[m[K
[01m[K/home/alessio/Desktop/progetto-labiagi/catkin_ws/src/laser_location/src/LaserLocation.cpp:10:83:[m[K [01;31m[Kerror: [m[Kno matching function for call to â€˜[01m[Kros::NodeHandle::advertise<<expression error> >(const char [8], int)[m[Kâ€™
     ros::Publisher chatter_pub = n.advertise<geometry_msgs::Twist>("cmd_vel", 1000[01;31m[K)[m[K;
                                                                                   [01;31m[K^[m[K
In file included from [01m[K/opt/ros/melodic/include/ros/ros.h:45:0[m[K,
                 from [01m[K/home/alessio/Desktop/progetto-labiagi/catkin_ws/src/laser_location/src/LaserLocation.cpp:1[m[K:
[01m[K/opt/ros/melodic/include/ros/node_handle.h:249:15:[m[K [01;36m[Knote: [m[Kcandidate: template<class M> ros::Publisher ros::NodeHandle::advertise(const string&, uint32_t, bool)
     Publisher [01;36m[Kadvertise[m[K(const std::string& topic, uint32_t queue_size, bool latch = false)
               [01;36m[K^~~~~~~~~[m[K
[01m[K/opt/ros/melodic/include/ros/node_handle.h:249:15:[m[K [01;36m[Knote: [m[K  template argument deduction/substitution failed:
[01m[K/home/alessio/Desktop/progetto-labiagi/catkin_ws/src/laser_location/src/LaserLocation.cpp:10:83:[m[K [01;31m[Kerror: [m[Ktemplate argument 1 is invalid
     ros::Publisher chatter_pub = n.advertise<geometry_msgs::Twist>("cmd_vel", 1000[01;31m[K)[m[K;
                                                                                   [01;31m[K^[m[K
In file included from [01m[K/opt/ros/melodic/include/ros/ros.h:45:0[m[K,
                 from [01m[K/home/alessio/Desktop/progetto-labiagi/catkin_ws/src/laser_location/src/LaserLocation.cpp:1[m[K:
[01m[K/opt/ros/melodic/include/ros/node_handle.h:315:13:[m[K [01;36m[Knote: [m[Kcandidate: template<class M> ros::Publisher ros::NodeHandle::advertise(const string&, uint32_t, const SubscriberStatusCallback&, const SubscriberStatusCallback&, const VoidConstPtr&, bool)
   Publisher [01;36m[Kadvertise[m[K(const std::string& topic, uint32_t queue_size,
             [01;36m[K^~~~~~~~~[m[K
[01m[K/opt/ros/melodic/include/ros/node_handle.h:315:13:[m[K [01;36m[Knote: [m[K  template argument deduction/substitution failed:
[01m[K/home/alessio/Desktop/progetto-labiagi/catkin_ws/src/laser_location/src/LaserLocation.cpp:10:83:[m[K [01;31m[Kerror: [m[Ktemplate argument 1 is invalid
     ros::Publisher chatter_pub = n.advertise<geometry_msgs::Twist>("cmd_vel", 1000[01;31m[K)[m[K;
                                                                                   [01;31m[K^[m[K
[01m[K/home/alessio/Desktop/progetto-labiagi/catkin_ws/src/laser_location/src/LaserLocation.cpp:14:9:[m[K [01;31m[Kerror: [m[Kâ€˜[01m[Kgeometry_msgs[m[Kâ€™ is not a class, namespace, or enumeration
         [01;31m[Kgeometry_msgs[m[K::Twist msg;
         [01;31m[K^~~~~~~~~~~~~[m[K
[01m[K/home/alessio/Desktop/progetto-labiagi/catkin_ws/src/laser_location/src/LaserLocation.cpp:15:9:[m[K [01;31m[Kerror: [m[Kâ€˜[01m[Kmsg[m[Kâ€™ was not declared in this scope
         [01;31m[Kmsg[m[K.linear.x = 10;
         [01;31m[K^~~[m[K
make[2]: *** [CMakeFiles/LaserLocation.dir/src/LaserLocation.cpp.o] Error 1
make[1]: *** [CMakeFiles/LaserLocation.dir/all] Error 2
make: *** [all] Error 2
