[  0%] Built target _pick_e_delivery_generate_messages_check_deps_NewGoal
[  0%] Built target _pick_e_delivery_generate_messages_check_deps_Pose
[  0%] Built target std_msgs_generate_messages_cpp
[  0%] Built target std_msgs_generate_messages_py
[  0%] Built target std_msgs_generate_messages_nodejs
[  0%] Built target _pick_e_delivery_generate_messages_check_deps_Timeout
[  0%] Built target std_msgs_generate_messages_lisp
[  0%] Built target std_msgs_generate_messages_eus
[ 15%] Built target pick_e_delivery_generate_messages_cpp
[ 36%] Built target pick_e_delivery_generate_messages_py
[ 52%] Built target pick_e_delivery_generate_messages_nodejs
[ 68%] Built target pick_e_delivery_generate_messages_lisp
[35m[1mScanning dependencies of target MainNode[0m
[ 89%] Built target pick_e_delivery_generate_messages_eus
[ 89%] Built target pick_e_delivery_generate_messages
[ 94%] [32mBuilding CXX object CMakeFiles/MainNode.dir/src/MainNode.cpp.o[0m
[01m[K/home/alessio/Desktop/progetto-labiagi/catkin_ws/src/pick_e_delivery/src/MainNode.cpp:[m[K In function â€˜[01m[Kvoid pubNewTimeout(std::__cxx11::string)[m[Kâ€™:
[01m[K/home/alessio/Desktop/progetto-labiagi/catkin_ws/src/pick_e_delivery/src/MainNode.cpp:82:32:[m[K [01;31m[Kerror: [m[Kno match for call to â€˜[01m[K(ros::Publisher) (pick_e_delivery::Timeout&)[m[Kâ€™
     pub_timeout(new_timeout_msg[01;31m[K)[m[K;
                                [01;31m[K^[m[K
CMakeFiles/MainNode.dir/build.make:62: recipe for target 'CMakeFiles/MainNode.dir/src/MainNode.cpp.o' failed
make[2]: *** [CMakeFiles/MainNode.dir/src/MainNode.cpp.o] Error 1
make[1]: *** [CMakeFiles/MainNode.dir/all] Error 2
CMakeFiles/Makefile2:204: recipe for target 'CMakeFiles/MainNode.dir/all' failed
Makefile:140: recipe for target 'all' failed
make: *** [all] Error 2
