[01m[K/home/alessio/Desktop/progetto-labiagi/catkin_ws/src/pick_e_delivery/src/SetGoal.cpp:[m[K In function â€˜[01m[Kvoid check1_CallBack(const ros::TimerEvent&)[m[Kâ€™:
[01m[K/home/alessio/Desktop/progetto-labiagi/catkin_ws/src/pick_e_delivery/src/SetGoal.cpp:136:21:[m[K [01;31m[Kerror: [m[Kâ€˜[01m[KwaitPackTimer[m[Kâ€™ was not declared in this scope
                     [01;31m[KwaitPackTimer[m[K.start();
                     [01;31m[K^~~~~~~~~~~~~[m[K
[01m[K/home/alessio/Desktop/progetto-labiagi/catkin_ws/src/pick_e_delivery/src/SetGoal.cpp:136:21:[m[K [01;36m[Knote: [m[Ksuggested alternative: â€˜[01m[KwaitPackCallBack[m[Kâ€™
                     [01;36m[KwaitPackTimer[m[K.start();
                     [01;36m[K^~~~~~~~~~~~~[m[K
                     [32m[KwaitPackCallBack[m[K
make[2]: *** [CMakeFiles/SetGoal.dir/src/SetGoal.cpp.o] Error 1
make[1]: *** [CMakeFiles/SetGoal.dir/all] Error 2
make: *** [all] Error 2
