[  0%] Built target _pick_e_delivery_generate_messages_check_deps_Pose
[  0%] Built target _pick_e_delivery_generate_messages_check_deps_NewGoal
[  0%] Built target _pick_e_delivery_generate_messages_check_deps_setTooLongInterval
[  0%] Built target std_msgs_generate_messages_cpp
[  0%] Built target _pick_e_delivery_generate_messages_check_deps_Timeout
[  0%] Built target std_msgs_generate_messages_py
[  0%] Built target std_msgs_generate_messages_nodejs
[  0%] Built target std_msgs_generate_messages_lisp
[  0%] Built target std_msgs_generate_messages_eus
[ 16%] Built target pick_e_delivery_generate_messages_cpp
[ 40%] Built target pick_e_delivery_generate_messages_py
[ 56%] Built target pick_e_delivery_generate_messages_nodejs
[ 72%] Built target pick_e_delivery_generate_messages_lisp
[35m[1mScanning dependencies of target MainNode[0m
[ 92%] Built target pick_e_delivery_generate_messages_eus
[ 96%] [32mBuilding CXX object CMakeFiles/MainNode.dir/src/MainNode.cpp.o[0m
[ 96%] Built target pick_e_delivery_generate_messages
[01m[K/home/alessio/Desktop/progetto-labiagi/catkin_ws/src/pick_e_delivery/src/MainNode.cpp:[m[K In function â€˜[01m[Kint main(int, char**)[m[Kâ€™:
[01m[K/home/alessio/Desktop/progetto-labiagi/catkin_ws/src/pick_e_delivery/src/MainNode.cpp:357:94:[m[K [01;31m[Kerror: [m[Kâ€˜[01m[KsetInterval[m[Kâ€™ was not declared in this scope
     ros::ServiceServer srvTooLong = n.advertiseService("pick_e_delivery/setTooLongInterval", [01;31m[KsetInterval[m[K);
                                                                                              [01;31m[K^~~~~~~~~~~[m[K
[01m[K/home/alessio/Desktop/progetto-labiagi/catkin_ws/src/pick_e_delivery/src/MainNode.cpp:357:94:[m[K [01;36m[Knote: [m[Ksuggested alternative: â€˜[01m[Kitimerval[m[Kâ€™
     ros::ServiceServer srvTooLong = n.advertiseService("pick_e_delivery/setTooLongInterval", [01;36m[KsetInterval[m[K);
                                                                                              [01;36m[K^~~~~~~~~~~[m[K
                                                                                              [32m[Kitimerval[m[K
CMakeFiles/MainNode.dir/build.make:62: recipe for target 'CMakeFiles/MainNode.dir/src/MainNode.cpp.o' failed
make[2]: *** [CMakeFiles/MainNode.dir/src/MainNode.cpp.o] Error 1
CMakeFiles/Makefile2:207: recipe for target 'CMakeFiles/MainNode.dir/all' failed
make[1]: *** [CMakeFiles/MainNode.dir/all] Error 2
Makefile:140: recipe for target 'all' failed
make: *** [all] Error 2
