[  0%] Built target std_msgs_generate_messages_cpp
[  0%] Built target _pick_e_delivery_generate_messages_check_deps_NewGoal
[  0%] Built target std_msgs_generate_messages_py
[  0%] Built target std_msgs_generate_messages_lisp
[  0%] Built target std_msgs_generate_messages_nodejs
[  9%] Built target pick_e_delivery_generate_messages_cpp
[  9%] Built target std_msgs_generate_messages_eus
[ 27%] Built target pick_e_delivery_generate_messages_py
[ 36%] Built target pick_e_delivery_generate_messages_nodejs
[ 45%] Built target pick_e_delivery_generate_messages_lisp
[ 63%] Built target pick_e_delivery_generate_messages_eus
[ 81%] Built target SetGoal
[35m[1mScanning dependencies of target Position[0m
[ 90%] Built target pick_e_delivery_generate_messages
[ 90%] [32mBuilding CXX object CMakeFiles/Position.dir/src/Position.cpp.o[0m
[01m[K/home/alessio/Desktop/progetto-labiagi/catkin_ws/src/pick_e_delivery/src/Position.cpp:10:29:[m[K [01;31m[Kerror: [m[Kâ€˜[01m[Ksensor_msgs[m[Kâ€™ does not name a type
 void positionCallBack(const [01;31m[Ksensor_msgs[m[K::LaserScan& msg) {
                             [01;31m[K^~~~~~~~~~~[m[K
[01m[K/home/alessio/Desktop/progetto-labiagi/catkin_ws/src/pick_e_delivery/src/Position.cpp:10:51:[m[K [01;31m[Kerror: [m[Kexpected unqualified-id before â€˜[01m[K&[m[Kâ€™ token
 void positionCallBack(const sensor_msgs::LaserScan[01;31m[K&[m[K msg) {
                                                   [01;31m[K^[m[K
[01m[K/home/alessio/Desktop/progetto-labiagi/catkin_ws/src/pick_e_delivery/src/Position.cpp:10:51:[m[K [01;31m[Kerror: [m[Kexpected â€˜[01m[K)[m[Kâ€™ before â€˜[01m[K&[m[Kâ€™ token
[01m[K/home/alessio/Desktop/progetto-labiagi/catkin_ws/src/pick_e_delivery/src/Position.cpp:10:53:[m[K [01;31m[Kerror: [m[Kexpected initializer before â€˜[01m[Kmsg[m[Kâ€™
 void positionCallBack(const sensor_msgs::LaserScan& [01;31m[Kmsg[m[K) {
                                                     [01;31m[K^~~[m[K
[01m[K/home/alessio/Desktop/progetto-labiagi/catkin_ws/src/pick_e_delivery/src/Position.cpp:[m[K In function â€˜[01m[Kint main(int, char**)[m[Kâ€™:
[01m[K/home/alessio/Desktop/progetto-labiagi/catkin_ws/src/pick_e_delivery/src/Position.cpp:32:54:[m[K [01;31m[Kerror: [m[Kâ€˜[01m[KpositionCallBack[m[Kâ€™ was not declared in this scope
     ros::Subscriber sub_tf = n.subscribe("tf", 1000, [01;31m[KpositionCallBack[m[K);
                                                      [01;31m[K^~~~~~~~~~~~~~~~[m[K
CMakeFiles/Position.dir/build.make:62: recipe for target 'CMakeFiles/Position.dir/src/Position.cpp.o' failed
CMakeFiles/Makefile2:295: recipe for target 'CMakeFiles/Position.dir/all' failed
Makefile:140: recipe for target 'all' failed
make[2]: *** [CMakeFiles/Position.dir/src/Position.cpp.o] Error 1
make[1]: *** [CMakeFiles/Position.dir/all] Error 2
make: *** [all] Error 2
