[01m[K/home/alessio/Desktop/progetto-labiagi/catkin_ws/src/pick_e_delivery/src/MainNode.cpp:[m[K In function â€˜[01m[Kvoid check2_CallBack(const ros::TimerEvent&)[m[Kâ€™:
[01m[K/home/alessio/Desktop/progetto-labiagi/catkin_ws/src/pick_e_delivery/src/MainNode.cpp:188:22:[m[K [01;31m[Kerror: [m[Kâ€˜[01m[KGOBACK[m[Kâ€™ was not declared in this scope
             status = [01;31m[KGOBACK[m[K;
                      [01;31m[K^~~~~~[m[K
make[2]: *** [CMakeFiles/MainNode.dir/src/MainNode.cpp.o] Error 1
make[1]: *** [CMakeFiles/MainNode.dir/all] Error 2
make: *** [all] Error 2
