[01m[K/home/alessio/Desktop/progetto-labiagi/catkin_ws/src/pick_e_delivery/src/SetGoal.cpp:[m[K In function â€˜[01m[Kvoid positionCallBack(const TFMessage&)[m[Kâ€™:
[01m[K/home/alessio/Desktop/progetto-labiagi/catkin_ws/src/pick_e_delivery/src/SetGoal.cpp:71:26:[m[K [01;31m[Kerror: [m[Kâ€˜[01m[KPose[m[Kâ€™ is not a member of â€˜[01m[Kpick_e_delivery[m[Kâ€™
         pick_e_delivery::[01;31m[KPose[m[K msg;
                          [01;31m[K^~~~[m[K
[01m[K/home/alessio/Desktop/progetto-labiagi/catkin_ws/src/pick_e_delivery/src/SetGoal.cpp:71:26:[m[K [01;36m[Knote: [m[Ksuggested alternative:
In file included from [01m[K/opt/ros/melodic/include/geometry_msgs/PoseStamped.h:19:0[m[K,
                 from [01m[K/home/alessio/Desktop/progetto-labiagi/catkin_ws/src/pick_e_delivery/src/SetGoal.cpp:5[m[K:
[01m[K/opt/ros/melodic/include/geometry_msgs/Pose.h:55:55:[m[K [01;36m[Knote: [m[K  â€˜[01m[Kgeometry_msgs::Pose[m[Kâ€™
 typedef ::geometry_msgs::Pose_<std::allocator<void> > [01;36m[KPose[m[K;
                                                       [01;36m[K^~~~[m[K
[01m[K/home/alessio/Desktop/progetto-labiagi/catkin_ws/src/pick_e_delivery/src/SetGoal.cpp:72:9:[m[K [01;31m[Kerror: [m[Kâ€˜[01m[Kmsg[m[Kâ€™ was not declared in this scope
         [01;31m[Kmsg[m[K.x = transformStamped.transform.translation.x;
         [01;31m[K^~~[m[K
[01m[K/home/alessio/Desktop/progetto-labiagi/catkin_ws/src/pick_e_delivery/src/SetGoal.cpp:[m[K In function â€˜[01m[Kint main(int, char**)[m[Kâ€™:
[01m[K/home/alessio/Desktop/progetto-labiagi/catkin_ws/src/pick_e_delivery/src/SetGoal.cpp:126:40:[m[K [01;31m[Kerror: [m[Kâ€˜[01m[KPose[m[Kâ€™ is not a member of â€˜[01m[Kpick_e_delivery[m[Kâ€™
     pub = n.advertise<pick_e_delivery::[01;31m[KPose[m[K>("/pick_e_delivery/Pose", 1000);
                                        [01;31m[K^~~~[m[K
[01m[K/home/alessio/Desktop/progetto-labiagi/catkin_ws/src/pick_e_delivery/src/SetGoal.cpp:126:40:[m[K [01;36m[Knote: [m[Ksuggested alternative:
In file included from [01m[K/opt/ros/melodic/include/geometry_msgs/PoseStamped.h:19:0[m[K,
                 from [01m[K/home/alessio/Desktop/progetto-labiagi/catkin_ws/src/pick_e_delivery/src/SetGoal.cpp:5[m[K:
[01m[K/opt/ros/melodic/include/geometry_msgs/Pose.h:55:55:[m[K [01;36m[Knote: [m[K  â€˜[01m[Kgeometry_msgs::Pose[m[Kâ€™
 typedef ::geometry_msgs::Pose_<std::allocator<void> > [01;36m[KPose[m[K;
                                                       [01;36m[K^~~~[m[K
[01m[K/home/alessio/Desktop/progetto-labiagi/catkin_ws/src/pick_e_delivery/src/SetGoal.cpp:126:40:[m[K [01;31m[Kerror: [m[Kâ€˜[01m[KPose[m[Kâ€™ is not a member of â€˜[01m[Kpick_e_delivery[m[Kâ€™
     pub = n.advertise<pick_e_delivery::[01;31m[KPose[m[K>("/pick_e_delivery/Pose", 1000);
                                        [01;31m[K^~~~[m[K
[01m[K/home/alessio/Desktop/progetto-labiagi/catkin_ws/src/pick_e_delivery/src/SetGoal.cpp:126:40:[m[K [01;36m[Knote: [m[Ksuggested alternative:
In file included from [01m[K/opt/ros/melodic/include/geometry_msgs/PoseStamped.h:19:0[m[K,
                 from [01m[K/home/alessio/Desktop/progetto-labiagi/catkin_ws/src/pick_e_delivery/src/SetGoal.cpp:5[m[K:
[01m[K/opt/ros/melodic/include/geometry_msgs/Pose.h:55:55:[m[K [01;36m[Knote: [m[K  â€˜[01m[Kgeometry_msgs::Pose[m[Kâ€™
 typedef ::geometry_msgs::Pose_<std::allocator<void> > [01;36m[KPose[m[K;
                                                       [01;36m[K^~~~[m[K
[01m[K/home/alessio/Desktop/progetto-labiagi/catkin_ws/src/pick_e_delivery/src/SetGoal.cpp:126:75:[m[K [01;31m[Kerror: [m[Kno matching function for call to â€˜[01m[Kros::NodeHandle::advertise<<expression error> >(const char [22], int)[m[Kâ€™
     pub = n.advertise<pick_e_delivery::Pose>("/pick_e_delivery/Pose", 1000[01;31m[K)[m[K;
                                                                           [01;31m[K^[m[K
In file included from [01m[K/opt/ros/melodic/include/ros/ros.h:45:0[m[K,
                 from [01m[K/home/alessio/Desktop/progetto-labiagi/catkin_ws/src/pick_e_delivery/src/SetGoal.cpp:1[m[K:
[01m[K/opt/ros/melodic/include/ros/node_handle.h:249:15:[m[K [01;36m[Knote: [m[Kcandidate: template<class M> ros::Publisher ros::NodeHandle::advertise(const string&, uint32_t, bool)
     Publisher [01;36m[Kadvertise[m[K(const std::string& topic, uint32_t queue_size, bool latch = false)
               [01;36m[K^~~~~~~~~[m[K
[01m[K/opt/ros/melodic/include/ros/node_handle.h:249:15:[m[K [01;36m[Knote: [m[K  template argument deduction/substitution failed:
[01m[K/home/alessio/Desktop/progetto-labiagi/catkin_ws/src/pick_e_delivery/src/SetGoal.cpp:126:75:[m[K [01;31m[Kerror: [m[Ktemplate argument 1 is invalid
     pub = n.advertise<pick_e_delivery::Pose>("/pick_e_delivery/Pose", 1000[01;31m[K)[m[K;
                                                                           [01;31m[K^[m[K
In file included from [01m[K/opt/ros/melodic/include/ros/ros.h:45:0[m[K,
                 from [01m[K/home/alessio/Desktop/progetto-labiagi/catkin_ws/src/pick_e_delivery/src/SetGoal.cpp:1[m[K:
[01m[K/opt/ros/melodic/include/ros/node_handle.h:315:13:[m[K [01;36m[Knote: [m[Kcandidate: template<class M> ros::Publisher ros::NodeHandle::advertise(const string&, uint32_t, const SubscriberStatusCallback&, const SubscriberStatusCallback&, const VoidConstPtr&, bool)
   Publisher [01;36m[Kadvertise[m[K(const std::string& topic, uint32_t queue_size,
             [01;36m[K^~~~~~~~~[m[K
[01m[K/opt/ros/melodic/include/ros/node_handle.h:315:13:[m[K [01;36m[Knote: [m[K  template argument deduction/substitution failed:
[01m[K/home/alessio/Desktop/progetto-labiagi/catkin_ws/src/pick_e_delivery/src/SetGoal.cpp:126:75:[m[K [01;31m[Kerror: [m[Ktemplate argument 1 is invalid
     pub = n.advertise<pick_e_delivery::Pose>("/pick_e_delivery/Pose", 1000[01;31m[K)[m[K;
                                                                           [01;31m[K^[m[K
make[2]: *** [CMakeFiles/SetGoal.dir/src/SetGoal.cpp.o] Error 1
make[1]: *** [CMakeFiles/SetGoal.dir/all] Error 2
make: *** [all] Error 2
