[  0%] Built target _pick_e_delivery_generate_messages_check_deps_Pose
[  0%] Built target _pick_e_delivery_generate_messages_check_deps_NewGoal
[  0%] Built target std_msgs_generate_messages_cpp
[  0%] Built target std_msgs_generate_messages_nodejs
[  0%] Built target std_msgs_generate_messages_py
[  0%] Built target std_msgs_generate_messages_lisp
[  0%] Built target std_msgs_generate_messages_eus
[ 14%] Built target pick_e_delivery_generate_messages_cpp
[ 35%] Built target pick_e_delivery_generate_messages_py
[ 50%] Built target pick_e_delivery_generate_messages_nodejs
[ 64%] Built target pick_e_delivery_generate_messages_lisp
[35m[1mScanning dependencies of target MainNode[0m
[ 85%] Built target pick_e_delivery_generate_messages_eus
[ 92%] [32mBuilding CXX object CMakeFiles/MainNode.dir/src/MainNode.cpp.o[0m
[ 92%] Built target pick_e_delivery_generate_messages
[01m[K/home/alessio/Desktop/progetto-labiagi/catkin_ws/src/pick_e_delivery/src/MainNode.cpp:298:0:[m[K [01;31m[Kerror: [m[Kunterminated argument list invoking macro "ROS_INFO"
 }
 
[01m[K/home/alessio/Desktop/progetto-labiagi/catkin_ws/src/pick_e_delivery/src/MainNode.cpp:[m[K In function â€˜[01m[Kvoid setGoalCallBack(const NewGoal&)[m[Kâ€™:
[01m[K/home/alessio/Desktop/progetto-labiagi/catkin_ws/src/pick_e_delivery/src/MainNode.cpp:133:9:[m[K [01;31m[Kerror: [m[Kâ€˜[01m[KROS_INFO[m[Kâ€™ was not declared in this scope
         [01;31m[KROS_INFO[m[K("Il robot Ã¨ ancora in missione";
         [01;31m[K^~~~~~~~[m[K
[01m[K/home/alessio/Desktop/progetto-labiagi/catkin_ws/src/pick_e_delivery/src/MainNode.cpp:133:9:[m[K [01;31m[Kerror: [m[Kexpected â€˜[01m[K}[m[Kâ€™ at end of input
[01m[K/home/alessio/Desktop/progetto-labiagi/catkin_ws/src/pick_e_delivery/src/MainNode.cpp:133:9:[m[K [01;31m[Kerror: [m[Kexpected â€˜[01m[K}[m[Kâ€™ at end of input
CMakeFiles/MainNode.dir/build.make:62: recipe for target 'CMakeFiles/MainNode.dir/src/MainNode.cpp.o' failed
make[2]: *** [CMakeFiles/MainNode.dir/src/MainNode.cpp.o] Error 1
CMakeFiles/Makefile2:201: recipe for target 'CMakeFiles/MainNode.dir/all' failed
Makefile:140: recipe for target 'all' failed
make[1]: *** [CMakeFiles/MainNode.dir/all] Error 2
make: *** [all] Error 2
