[  0%] Built target std_msgs_generate_messages_nodejs
[  0%] Built target _set_goal_generate_messages_check_deps_NewGoal
[  0%] Built target std_msgs_generate_messages_py
[  0%] Built target std_msgs_generate_messages_lisp
[  0%] Built target std_msgs_generate_messages_cpp
[  0%] Built target std_msgs_generate_messages_eus
[ 11%] Built target set_goal_generate_messages_nodejs
[ 33%] Built target set_goal_generate_messages_py
[ 55%] Built target set_goal_generate_messages_eus
[ 66%] Built target set_goal_generate_messages_lisp
[ 77%] Built target set_goal_generate_messages_cpp
[ 77%] Built target set_goal_generate_messages
[35m[1mScanning dependencies of target SetGoal[0m
[ 88%] [32mBuilding CXX object CMakeFiles/SetGoal.dir/src/SetGoal.cpp.o[0m
[01m[K/home/alessio/Desktop/progetto-labiagi/catkin_ws/src/set_goal/src/SetGoal.cpp:[m[K In function â€˜[01m[Kint main(int, char**)[m[Kâ€™:
[01m[K/home/alessio/Desktop/progetto-labiagi/catkin_ws/src/set_goal/src/SetGoal.cpp:124:20:[m[K [01;31m[Kerror: [m[Kâ€˜[01m[KT[m[Kâ€™ was not declared in this scope
     ros::Rate rate([01;31m[KT[m[K);
                    [01;31m[K^[m[K
[01m[K/home/alessio/Desktop/progetto-labiagi/catkin_ws/src/set_goal/src/SetGoal.cpp:131:10:[m[K [01;31m[Kerror: [m[Kâ€˜[01m[Ktimer1[m[Kâ€™ is not a member of â€˜[01m[Kros[m[Kâ€™
     ros::[01;31m[Ktimer1[m[K = n.createTimer(ros::Duration(0.5),check1_CallBack);
          [01;31m[K^~~~~~[m[K
[01m[K/home/alessio/Desktop/progetto-labiagi/catkin_ws/src/set_goal/src/SetGoal.cpp:131:10:[m[K [01;36m[Knote: [m[Ksuggested alternative: â€˜[01m[KTimer[m[Kâ€™
     ros::[01;36m[Ktimer1[m[K = n.createTimer(ros::Duration(0.5),check1_CallBack);
          [01;36m[K^~~~~~[m[K
          [32m[KTimer[m[K
[01m[K/home/alessio/Desktop/progetto-labiagi/catkin_ws/src/set_goal/src/SetGoal.cpp:132:10:[m[K [01;31m[Kerror: [m[Kâ€˜[01m[Ktimer2[m[Kâ€™ is not a member of â€˜[01m[Kros[m[Kâ€™
     ros::[01;31m[Ktimer2[m[K = n.createTimer(ros::Duration(50),check2_CallBack);
          [01;31m[K^~~~~~[m[K
[01m[K/home/alessio/Desktop/progetto-labiagi/catkin_ws/src/set_goal/src/SetGoal.cpp:132:10:[m[K [01;36m[Knote: [m[Ksuggested alternative: â€˜[01m[KTimer[m[Kâ€™
     ros::[01;36m[Ktimer2[m[K = n.createTimer(ros::Duration(50),check2_CallBack);
          [01;36m[K^~~~~~[m[K
          [32m[KTimer[m[K
CMakeFiles/SetGoal.dir/build.make:62: recipe for target 'CMakeFiles/SetGoal.dir/src/SetGoal.cpp.o' failed
CMakeFiles/Makefile2:624: recipe for target 'CMakeFiles/SetGoal.dir/all' failed
Makefile:140: recipe for target 'all' failed
make[2]: *** [CMakeFiles/SetGoal.dir/src/SetGoal.cpp.o] Error 1
make[1]: *** [CMakeFiles/SetGoal.dir/all] Error 2
make: *** [all] Error 2
