[01m[K/home/alessio/Desktop/progetto-labiagi/catkin_ws/src/set_goal/src/SetGoal.cpp:70:23:[m[K [01;31m[Kerror: [m[Kvariable or field â€˜[01m[KpositionCallBack[m[Kâ€™ declared void
 void positionCallBack([01;31m[Kcont[m[K tf2_msgs::TFMessage& tf) {
                       [01;31m[K^~~~[m[K
[01m[K/home/alessio/Desktop/progetto-labiagi/catkin_ws/src/set_goal/src/SetGoal.cpp:70:23:[m[K [01;31m[Kerror: [m[Kâ€˜[01m[Kcont[m[Kâ€™ was not declared in this scope
[01m[K/home/alessio/Desktop/progetto-labiagi/catkin_ws/src/set_goal/src/SetGoal.cpp:70:23:[m[K [01;36m[Knote: [m[Ksuggested alternative: â€˜[01m[Kconjq[m[Kâ€™
 void positionCallBack([01;36m[Kcont[m[K tf2_msgs::TFMessage& tf) {
                       [01;36m[K^~~~[m[K
                       [32m[Kconjq[m[K
[01m[K/home/alessio/Desktop/progetto-labiagi/catkin_ws/src/set_goal/src/SetGoal.cpp:[m[K In function â€˜[01m[Kint main(int, char**)[m[Kâ€™:
[01m[K/home/alessio/Desktop/progetto-labiagi/catkin_ws/src/set_goal/src/SetGoal.cpp:124:20:[m[K [01;31m[Kerror: [m[Kâ€˜[01m[KT[m[Kâ€™ was not declared in this scope
     ros::Rate rate([01;31m[KT[m[K);
                    [01;31m[K^[m[K
[01m[K/home/alessio/Desktop/progetto-labiagi/catkin_ws/src/set_goal/src/SetGoal.cpp:129:54:[m[K [01;31m[Kerror: [m[Kâ€˜[01m[KpositionCallBack[m[Kâ€™ was not declared in this scope
     ros::Subscriber sub_tf = n.subscribe("tf", 1000, [01;31m[KpositionCallBack[m[K);
                                                      [01;31m[K^~~~~~~~~~~~~~~~[m[K
[01m[K/home/alessio/Desktop/progetto-labiagi/catkin_ws/src/set_goal/src/SetGoal.cpp:129:54:[m[K [01;36m[Knote: [m[Ksuggested alternative: â€˜[01m[KsetGoalCallBack[m[Kâ€™
     ros::Subscriber sub_tf = n.subscribe("tf", 1000, [01;36m[KpositionCallBack[m[K);
                                                      [01;36m[K^~~~~~~~~~~~~~~~[m[K
                                                      [32m[KsetGoalCallBack[m[K
[01m[K/home/alessio/Desktop/progetto-labiagi/catkin_ws/src/set_goal/src/SetGoal.cpp:131:10:[m[K [01;31m[Kerror: [m[Kâ€˜[01m[Ktimer1[m[Kâ€™ is not a member of â€˜[01m[Kros[m[Kâ€™
     ros::[01;31m[Ktimer1[m[K = n.createTimer(ros::Duration(0.5),check1_CallBack);
          [01;31m[K^~~~~~[m[K
[01m[K/home/alessio/Desktop/progetto-labiagi/catkin_ws/src/set_goal/src/SetGoal.cpp:131:10:[m[K [01;36m[Knote: [m[Ksuggested alternative: â€˜[01m[KTimer[m[Kâ€™
     ros::[01;36m[Ktimer1[m[K = n.createTimer(ros::Duration(0.5),check1_CallBack);
          [01;36m[K^~~~~~[m[K
          [32m[KTimer[m[K
[01m[K/home/alessio/Desktop/progetto-labiagi/catkin_ws/src/set_goal/src/SetGoal.cpp:132:10:[m[K [01;31m[Kerror: [m[Kâ€˜[01m[Ktimer2[m[Kâ€™ is not a member of â€˜[01m[Kros[m[Kâ€™
     ros::[01;31m[Ktimer2[m[K = n.createTimer(ros::Duration(50),check2_CallBack);
          [01;31m[K^~~~~~[m[K
[01m[K/home/alessio/Desktop/progetto-labiagi/catkin_ws/src/set_goal/src/SetGoal.cpp:132:10:[m[K [01;36m[Knote: [m[Ksuggested alternative: â€˜[01m[KTimer[m[Kâ€™
     ros::[01;36m[Ktimer2[m[K = n.createTimer(ros::Duration(50),check2_CallBack);
          [01;36m[K^~~~~~[m[K
          [32m[KTimer[m[K
make[2]: *** [CMakeFiles/SetGoal.dir/src/SetGoal.cpp.o] Error 1
make[1]: *** [CMakeFiles/SetGoal.dir/all] Error 2
make: *** [all] Error 2
