[35m[1mScanning dependencies of target SetGoal[0m
[ 50%] [32mBuilding CXX object CMakeFiles/SetGoal.dir/src/SetGoal.cpp.o[0m
[01m[K/home/alessio/Desktop/progetto-labiagi/catkin_ws/src/set_goal/src/SetGoal.cpp:[m[K In function â€˜[01m[Kint main(int, char**)[m[Kâ€™:
[01m[K/home/alessio/Desktop/progetto-labiagi/catkin_ws/src/set_goal/src/SetGoal.cpp:41:53:[m[K [01;31m[Kerror: [m[Kâ€˜[01m[KPoseStamped[m[Kâ€™ is not a member of â€˜[01m[Kgeometry_msgs[m[Kâ€™
     ros::Publisher pub = n.advertise<geometry_msgs::[01;31m[KPoseStamped[m[K>("move_base_simple/goal", 1000);
                                                     [01;31m[K^~~~~~~~~~~[m[K
[01m[K/home/alessio/Desktop/progetto-labiagi/catkin_ws/src/set_goal/src/SetGoal.cpp:41:53:[m[K [01;36m[Knote: [m[Ksuggested alternative: â€˜[01m[KTransformStamped[m[Kâ€™
     ros::Publisher pub = n.advertise<geometry_msgs::[01;36m[KPoseStamped[m[K>("move_base_simple/goal", 1000);
                                                     [01;36m[K^~~~~~~~~~~[m[K
                                                     [32m[KTransformStamped[m[K
[01m[K/home/alessio/Desktop/progetto-labiagi/catkin_ws/src/set_goal/src/SetGoal.cpp:41:53:[m[K [01;31m[Kerror: [m[Kâ€˜[01m[KPoseStamped[m[Kâ€™ is not a member of â€˜[01m[Kgeometry_msgs[m[Kâ€™
[01m[K/home/alessio/Desktop/progetto-labiagi/catkin_ws/src/set_goal/src/SetGoal.cpp:41:53:[m[K [01;36m[Knote: [m[Ksuggested alternative: â€˜[01m[KTransformStamped[m[Kâ€™
     ros::Publisher pub = n.advertise<geometry_msgs::[01;36m[KPoseStamped[m[K>("move_base_simple/goal", 1000);
                                                     [01;36m[K^~~~~~~~~~~[m[K
                                                     [32m[KTransformStamped[m[K
[01m[K/home/alessio/Desktop/progetto-labiagi/catkin_ws/src/set_goal/src/SetGoal.cpp:41:95:[m[K [01;31m[Kerror: [m[Kno matching function for call to â€˜[01m[Kros::NodeHandle::advertise<<expression error> >(const char [22], int)[m[Kâ€™
     ros::Publisher pub = n.advertise<geometry_msgs::PoseStamped>("move_base_simple/goal", 1000[01;31m[K)[m[K;
                                                                                               [01;31m[K^[m[K
In file included from [01m[K/opt/ros/melodic/include/ros/ros.h:45:0[m[K,
                 from [01m[K/home/alessio/Desktop/progetto-labiagi/catkin_ws/src/set_goal/src/SetGoal.cpp:1[m[K:
[01m[K/opt/ros/melodic/include/ros/node_handle.h:249:15:[m[K [01;36m[Knote: [m[Kcandidate: template<class M> ros::Publisher ros::NodeHandle::advertise(const string&, uint32_t, bool)
     Publisher [01;36m[Kadvertise[m[K(const std::string& topic, uint32_t queue_size, bool latch = false)
               [01;36m[K^~~~~~~~~[m[K
[01m[K/opt/ros/melodic/include/ros/node_handle.h:249:15:[m[K [01;36m[Knote: [m[K  template argument deduction/substitution failed:
[01m[K/home/alessio/Desktop/progetto-labiagi/catkin_ws/src/set_goal/src/SetGoal.cpp:41:95:[m[K [01;31m[Kerror: [m[Ktemplate argument 1 is invalid
     ros::Publisher pub = n.advertise<geometry_msgs::PoseStamped>("move_base_simple/goal", 1000[01;31m[K)[m[K;
                                                                                               [01;31m[K^[m[K
In file included from [01m[K/opt/ros/melodic/include/ros/ros.h:45:0[m[K,
                 from [01m[K/home/alessio/Desktop/progetto-labiagi/catkin_ws/src/set_goal/src/SetGoal.cpp:1[m[K:
[01m[K/opt/ros/melodic/include/ros/node_handle.h:315:13:[m[K [01;36m[Knote: [m[Kcandidate: template<class M> ros::Publisher ros::NodeHandle::advertise(const string&, uint32_t, const SubscriberStatusCallback&, const SubscriberStatusCallback&, const VoidConstPtr&, bool)
   Publisher [01;36m[Kadvertise[m[K(const std::string& topic, uint32_t queue_size,
             [01;36m[K^~~~~~~~~[m[K
[01m[K/opt/ros/melodic/include/ros/node_handle.h:315:13:[m[K [01;36m[Knote: [m[K  template argument deduction/substitution failed:
[01m[K/home/alessio/Desktop/progetto-labiagi/catkin_ws/src/set_goal/src/SetGoal.cpp:41:95:[m[K [01;31m[Kerror: [m[Ktemplate argument 1 is invalid
     ros::Publisher pub = n.advertise<geometry_msgs::PoseStamped>("move_base_simple/goal", 1000[01;31m[K)[m[K;
                                                                                               [01;31m[K^[m[K
[01m[K/home/alessio/Desktop/progetto-labiagi/catkin_ws/src/set_goal/src/SetGoal.cpp:48:24:[m[K [01;31m[Kerror: [m[Kâ€˜[01m[KPoseStamped[m[Kâ€™ is not a member of â€˜[01m[Kgeometry_msgs[m[Kâ€™
         geometry_msgs::[01;31m[KPoseStamped[m[K msg;
                        [01;31m[K^~~~~~~~~~~[m[K
[01m[K/home/alessio/Desktop/progetto-labiagi/catkin_ws/src/set_goal/src/SetGoal.cpp:48:24:[m[K [01;36m[Knote: [m[Ksuggested alternative: â€˜[01m[KTransformStamped[m[Kâ€™
         geometry_msgs::[01;36m[KPoseStamped[m[K msg;
                        [01;36m[K^~~~~~~~~~~[m[K
                        [32m[KTransformStamped[m[K
[01m[K/home/alessio/Desktop/progetto-labiagi/catkin_ws/src/set_goal/src/SetGoal.cpp:49:9:[m[K [01;31m[Kerror: [m[Kâ€˜[01m[Kmsg[m[Kâ€™ was not declared in this scope
         [01;31m[Kmsg[m[K.pose.postion.x = count*2;
         [01;31m[K^~~[m[K
CMakeFiles/SetGoal.dir/build.make:62: recipe for target 'CMakeFiles/SetGoal.dir/src/SetGoal.cpp.o' failed
make[2]: *** [CMakeFiles/SetGoal.dir/src/SetGoal.cpp.o] Error 1
CMakeFiles/Makefile2:387: recipe for target 'CMakeFiles/SetGoal.dir/all' failed
Makefile:140: recipe for target 'all' failed
make[1]: *** [CMakeFiles/SetGoal.dir/all] Error 2
make: *** [all] Error 2
